OpenJDK 64-Bit Server VM warning: Options -Xverify:none and -noverify were deprecated in JDK 13 and will likely be removed in a future release.

  .   ____          _            __ _ _
 /\\ / ___'_ __ _ _(_)_ __  __ _ \ \ \ \
( ( )\___ | '_ | '_| | '_ \/ _` | \ \ \ \
 \\/  ___)| |_)| | | | | || (_| |  ) ) ) )
  '  |____| .__|_| |_|_| |_\__, | / / / /
 =========|_|==============|___/=/_/_/_/
 :: Spring Boot ::                (v2.5.0)

2021-06-03 15:14:29.975  INFO 18620 --- [  restartedMain] r.m.p.Practice1425Application            : Starting Practice1425Application using Java 15.0.1 on DESKTOP-31L6BV3 with PID 18620 (C:\Users\light\OneDrive\Документы\GitHub\Java2\practice14_25\target\classes started by light in C:\Users\light\OneDrive\Документы\GitHub\Java2\practice14_25)
2021-06-03 15:14:29.977  INFO 18620 --- [  restartedMain] r.m.p.Practice1425Application            : No active profile set, falling back to default profiles: default
2021-06-03 15:14:30.017  INFO 18620 --- [  restartedMain] .e.DevToolsPropertyDefaultsPostProcessor : Devtools property defaults active! Set 'spring.devtools.add-properties' to 'false' to disable
2021-06-03 15:14:30.017  INFO 18620 --- [  restartedMain] .e.DevToolsPropertyDefaultsPostProcessor : For additional web related logging consider setting the 'logging.level.web' property to 'DEBUG'
2021-06-03 15:14:30.552  INFO 18620 --- [  restartedMain] .s.d.r.c.RepositoryConfigurationDelegate : Bootstrapping Spring Data JPA repositories in DEFAULT mode.
2021-06-03 15:14:30.604  INFO 18620 --- [  restartedMain] .s.d.r.c.RepositoryConfigurationDelegate : Finished Spring Data repository scanning in 45 ms. Found 2 JPA repository interfaces.
2021-06-03 15:14:31.131  INFO 18620 --- [  restartedMain] o.s.b.w.embedded.tomcat.TomcatWebServer  : Tomcat initialized with port(s): 8080 (http)
2021-06-03 15:14:31.138  INFO 18620 --- [  restartedMain] o.apache.catalina.core.StandardService   : Starting service [Tomcat]
2021-06-03 15:14:31.138  INFO 18620 --- [  restartedMain] org.apache.catalina.core.StandardEngine  : Starting Servlet engine: [Apache Tomcat/9.0.46]
2021-06-03 15:14:31.208  INFO 18620 --- [  restartedMain] o.a.c.c.C.[Tomcat].[localhost].[/]       : Initializing Spring embedded WebApplicationContext
2021-06-03 15:14:31.208  INFO 18620 --- [  restartedMain] w.s.c.ServletWebServerApplicationContext : Root WebApplicationContext: initialization completed in 1190 ms
2021-06-03 15:14:31.283  INFO 18620 --- [  restartedMain] com.zaxxer.hikari.HikariDataSource       : HikariPool-1 - Starting...
2021-06-03 15:14:31.473  INFO 18620 --- [  restartedMain] com.zaxxer.hikari.HikariDataSource       : HikariPool-1 - Start completed.
2021-06-03 15:14:31.558  INFO 18620 --- [  restartedMain] o.hibernate.jpa.internal.util.LogHelper  : HHH000204: Processing PersistenceUnitInfo [name: default]
2021-06-03 15:14:31.591  INFO 18620 --- [  restartedMain] org.hibernate.Version                    : HHH000412: Hibernate ORM core version 5.4.31.Final
2021-06-03 15:14:31.662  INFO 18620 --- [  restartedMain] o.hibernate.annotations.common.Version   : HCANN000001: Hibernate Commons Annotations {5.1.2.Final}
2021-06-03 15:14:31.727  INFO 18620 --- [  restartedMain] org.hibernate.dialect.Dialect            : HHH000400: Using dialect: org.hibernate.dialect.PostgreSQL10Dialect
2021-06-03 15:14:32.098  INFO 18620 --- [  restartedMain] o.h.e.t.j.p.i.JtaPlatformInitiator       : HHH000490: Using JtaPlatform implementation: [org.hibernate.engine.transaction.jta.platform.internal.NoJtaPlatform]
2021-06-03 15:14:32.105  INFO 18620 --- [  restartedMain] j.LocalContainerEntityManagerFactoryBean : Initialized JPA EntityManagerFactory for persistence unit 'default'
2021-06-03 15:14:32.456  WARN 18620 --- [  restartedMain] JpaBaseConfiguration$JpaWebConfiguration : spring.jpa.open-in-view is enabled by default. Therefore, database queries may be performed during view rendering. Explicitly configure spring.jpa.open-in-view to disable this warning
2021-06-03 15:14:32.811  INFO 18620 --- [  restartedMain] o.s.b.d.a.OptionalLiveReloadServer       : LiveReload server is running on port 35729
2021-06-03 15:14:32.844  INFO 18620 --- [  restartedMain] o.s.b.w.embedded.tomcat.TomcatWebServer  : Tomcat started on port(s): 8080 (http) with context path ''
2021-06-03 15:14:32.856  INFO 18620 --- [  restartedMain] r.m.p.Practice1425Application            : Started Practice1425Application in 3.185 seconds (JVM running for 3.759)
2021-06-03 15:14:32.857  INFO 18620 --- [  restartedMain] o.s.b.a.ApplicationAvailabilityBean      : Application availability state LivenessState changed to CORRECT
2021-06-03 15:14:32.859  INFO 18620 --- [  restartedMain] o.s.b.a.ApplicationAvailabilityBean      : Application availability state ReadinessState changed to ACCEPTING_TRAFFIC
2021-06-03 15:15:00.017  INFO 18620 --- [   scheduling-1] r.m.p.model.service.SchedulerService     : SCHEDULED task started at 03-06-2021 15:15:00
2021-06-03 15:15:00.020  INFO 18620 --- [   scheduling-1] r.m.p.model.service.SchedulerService     : File games.txt was deleted: true
2021-06-03 15:15:00.021  INFO 18620 --- [   scheduling-1] r.m.p.model.service.SchedulerService     : File levels.txt was deleted: true
2021-06-03 15:15:00.032  INFO 18620 --- [   scheduling-1] r.m.p.model.service.LevelServiceImpl     : Found all levels
Method: readAll. Time: 86 milliseconds. Return: [ru.mirea.practice14_25.model.entity.Level@3171cd0, ru.mirea.practice14_25.model.entity.Level@68e59de2, ru.mirea.practice14_25.model.entity.Level@730dff8, ru.mirea.practice14_25.model.entity.Level@ec59162, ru.mirea.practice14_25.model.entity.Level@7cc14429, ru.mirea.practice14_25.model.entity.Level@388fdcde]
2021-06-03 15:15:00.127  INFO 18620 --- [   scheduling-1] r.m.p.model.service.GameServiceImpl      : Found all games
Method: readAll. Time: 6 milliseconds. Return: [ru.mirea.practice14_25.model.entity.Game@179553a9, ru.mirea.practice14_25.model.entity.Game@79aa673a, ru.mirea.practice14_25.model.entity.Game@526e5891, ru.mirea.practice14_25.model.entity.Game@670fb37, ru.mirea.practice14_25.model.entity.Game@3bc5f84b]
2021-06-03 15:15:00.132  INFO 18620 --- [   scheduling-1] r.m.p.model.service.SchedulerService     : SCHEDULED task finished.
Method: start. Time: 122 milliseconds.
2021-06-03 15:16:00.013  INFO 18620 --- [   scheduling-1] r.m.p.model.service.SchedulerService     : SCHEDULED task started at 03-06-2021 15:16:00
2021-06-03 15:16:00.014  INFO 18620 --- [   scheduling-1] r.m.p.model.service.SchedulerService     : File games.txt was deleted: true
2021-06-03 15:16:00.014  INFO 18620 --- [   scheduling-1] r.m.p.model.service.SchedulerService     : File levels.txt was deleted: true
2021-06-03 15:16:00.016  INFO 18620 --- [   scheduling-1] r.m.p.model.service.LevelServiceImpl     : Found all levels
Method: readAll. Time: 2 milliseconds. Return: [ru.mirea.practice14_25.model.entity.Level@531b6066, ru.mirea.practice14_25.model.entity.Level@5777b1f6, ru.mirea.practice14_25.model.entity.Level@1597061d, ru.mirea.practice14_25.model.entity.Level@5ee214eb, ru.mirea.practice14_25.model.entity.Level@56f24701, ru.mirea.practice14_25.model.entity.Level@3ce0a428]
2021-06-03 15:16:00.020  INFO 18620 --- [   scheduling-1] r.m.p.model.service.GameServiceImpl      : Found all games
Method: readAll. Time: 1 milliseconds. Return: [ru.mirea.practice14_25.model.entity.Game@64e9b719, ru.mirea.practice14_25.model.entity.Game@34d6cdc0, ru.mirea.practice14_25.model.entity.Game@54a2d8a2, ru.mirea.practice14_25.model.entity.Game@4c63a251, ru.mirea.practice14_25.model.entity.Game@659b95bb]
2021-06-03 15:16:00.022  INFO 18620 --- [   scheduling-1] r.m.p.model.service.SchedulerService     : SCHEDULED task finished.
Method: start. Time: 9 milliseconds.
2021-06-03 15:17:00.004  INFO 18620 --- [   scheduling-1] r.m.p.model.service.SchedulerService     : SCHEDULED task started at 03-06-2021 15:17:00
2021-06-03 15:17:00.005  INFO 18620 --- [   scheduling-1] r.m.p.model.service.SchedulerService     : File games.txt was deleted: true
2021-06-03 15:17:00.006  INFO 18620 --- [   scheduling-1] r.m.p.model.service.SchedulerService     : File levels.txt was deleted: true
2021-06-03 15:17:00.007  INFO 18620 --- [   scheduling-1] r.m.p.model.service.LevelServiceImpl     : Found all levels
Method: readAll. Time: 2 milliseconds. Return: [ru.mirea.practice14_25.model.entity.Level@4d2b6522, ru.mirea.practice14_25.model.entity.Level@25026946, ru.mirea.practice14_25.model.entity.Level@609bc963, ru.mirea.practice14_25.model.entity.Level@5665d46f, ru.mirea.practice14_25.model.entity.Level@1cc5f68b, ru.mirea.practice14_25.model.entity.Level@17c6756e]
2021-06-03 15:17:00.011  INFO 18620 --- [   scheduling-1] r.m.p.model.service.GameServiceImpl      : Found all games
Method: readAll. Time: 2 milliseconds. Return: [ru.mirea.practice14_25.model.entity.Game@2c6e6f55, ru.mirea.practice14_25.model.entity.Game@4dd73b93, ru.mirea.practice14_25.model.entity.Game@921f408, ru.mirea.practice14_25.model.entity.Game@22d0a740, ru.mirea.practice14_25.model.entity.Game@fe3e38b]
2021-06-03 15:17:00.014  INFO 18620 --- [   scheduling-1] r.m.p.model.service.SchedulerService     : SCHEDULED task finished.
Method: start. Time: 11 milliseconds.
